# JRE version: OpenJDK Runtime Environment (8.0_152-b06) (build 1.8.0_152-release-1136-b06)
# Java VM: OpenJDK 64-Bit Server VM (25.152-b06 mixed mode linux-amd64 compressed oops)
Heap:
 PSYoungGen      total 430592K, used 345885K [0x00000000e0000000, 0x0000000100000000, 0x0000000100000000)
  eden space 339968K, 97% used [0x00000000e0000000,0x00000000f45088f0,0x00000000f4c00000)
  from space 90624K, 14% used [0x00000000f4c00000,0x00000000f58beca0,0x00000000fa480000)
  to   space 88576K, 0% used [0x00000000fa980000,0x00000000fa980000,0x0000000100000000)
 ParOldGen       total 251904K, used 196980K [0x00000000a0000000, 0x00000000af600000, 0x00000000e0000000)
  object space 251904K, 78% used [0x00000000a0000000,0x00000000ac05d298,0x00000000af600000)
 Metaspace       used 155710K, capacity 164288K, committed 164480K, reserved 1191936K
  class space    used 19297K, capacity 21070K, committed 21120K, reserved 1048576K
GC Heap History (10 events):
Event: 14415.669 GC heap before
{Heap before GC invocations=60 (full 5):
 PSYoungGen      total 426496K, used 341015K [0x00000000e0000000, 0x00000000ffe00000, 0x0000000100000000)
  eden space 333312K, 100% used [0x00000000e0000000,0x00000000f4580000,0x00000000f4580000)
  from space 93184K, 8% used [0x00000000fa100000,0x00000000fa885f78,0x00000000ffc00000)
  to   space 93696K, 0% used [0x00000000f4580000,0x00000000f4580000,0x00000000fa100000)
 ParOldGen       total 251904K, used 195453K [0x00000000a0000000, 0x00000000af600000, 0x00000000e0000000)
  object space 251904K, 77% used [0x00000000a0000000,0x00000000abedf6a8,0x00000000af600000)
 Metaspace       used 154897K, capacity 162906K, committed 162944K, reserved 1191936K
  class space    used 19214K, capacity 20831K, committed 20864K, reserved 1048576K
Event: 14415.705 GC heap after
Heap after GC invocations=60 (full 5):
 PSYoungGen      total 427008K, used 16025K [0x00000000e0000000, 0x00000000ffc80000, 0x0000000100000000)
  eden space 333312K, 0% used [0x00000000e0000000,0x00000000e0000000,0x00000000f4580000)
  from space 93696K, 17% used [0x00000000f4580000,0x00000000f55267a8,0x00000000fa100000)
  to   space 91648K, 0% used [0x00000000fa300000,0x00000000fa300000,0x00000000ffc80000)
 ParOldGen       total 251904K, used 195885K [0x00000000a0000000, 0x00000000af600000, 0x00000000e0000000)
  object space 251904K, 77% used [0x00000000a0000000,0x00000000abf4b708,0x00000000af600000)
 Metaspace       used 154897K, capacity 162906K, committed 162944K, reserved 1191936K
  class space    used 19214K, capacity 20831K, committed 20864K, reserved 1048576K
}
Event: 14967.579 GC heap before
{Heap before GC invocations=61 (full 5):
 PSYoungGen      total 427008K, used 349337K [0x00000000e0000000, 0x00000000ffc80000, 0x0000000100000000)
  eden space 333312K, 100% used [0x00000000e0000000,0x00000000f4580000,0x00000000f4580000)
  from space 93696K, 17% used [0x00000000f4580000,0x00000000f55267a8,0x00000000fa100000)
  to   space 91648K, 0% used [0x00000000fa300000,0x00000000fa300000,0x00000000ffc80000)
 ParOldGen       total 251904K, used 195885K [0x00000000a0000000, 0x00000000af600000, 0x00000000e0000000)
  object space 251904K, 77% used [0x00000000a0000000,0x00000000abf4b708,0x00000000af600000)
 Metaspace       used 155216K, capacity 163490K, committed 163584K, reserved 1191936K
  class space    used 19248K, capacity 20927K, committed 20992K, reserved 1048576K
Event: 14967.629 GC heap after
Heap after GC invocations=61 (full 5):
 PSYoungGen      total 429056K, used 10816K [0x00000000e0000000, 0x00000000ffb00000, 0x0000000100000000)
  eden space 338944K, 0% used [0x00000000e0000000,0x00000000e0000000,0x00000000f4b00000)
  from space 90112K, 12% used [0x00000000fa300000,0x00000000fad90050,0x00000000ffb00000)
  to   space 90112K, 0% used [0x00000000f4b00000,0x00000000f4b00000,0x00000000fa300000)
 ParOldGen       total 251904K, used 196197K [0x00000000a0000000, 0x00000000af600000, 0x00000000e0000000)
  object space 251904K, 77% used [0x00000000a0000000,0x00000000abf99728,0x00000000af600000)
 Metaspace       used 155216K, capacity 163490K, committed 163584K, reserved 1191936K
  class space    used 19248K, capacity 20927K, committed 20992K, reserved 1048576K
}
Event: 14993.524 GC heap before
{Heap before GC invocations=62 (full 5):
 PSYoungGen      total 429056K, used 348912K [0x00000000e0000000, 0x00000000ffb00000, 0x0000000100000000)
  eden space 338944K, 99% used [0x00000000e0000000,0x00000000f4a2c328,0x00000000f4b00000)
  from space 90112K, 12% used [0x00000000fa300000,0x00000000fad90050,0x00000000ffb00000)
  to   space 90112K, 0% used [0x00000000f4b00000,0x00000000f4b00000,0x00000000fa300000)
 ParOldGen       total 251904K, used 196197K [0x00000000a0000000, 0x00000000af600000, 0x00000000e0000000)
  object space 251904K, 77% used [0x00000000a0000000,0x00000000abf99728,0x00000000af600000)
 Metaspace       used 155345K, capacity 163742K, committed 163840K, reserved 1191936K
  class space    used 19251K, capacity 20961K, committed 20992K, reserved 1048576K
Event: 14993.560 GC heap after
Heap after GC invocations=62 (full 5):
 PSYoungGen      total 429056K, used 18619K [0x00000000e0000000, 0x00000000ff900000, 0x0000000100000000)
  eden space 338944K, 0% used [0x00000000e0000000,0x00000000e0000000,0x00000000f4b00000)
  from space 90112K, 20% used [0x00000000f4b00000,0x00000000f5d2ecc0,0x00000000fa300000)
  to   space 86528K, 0% used [0x00000000fa480000,0x00000000fa480000,0x00000000ff900000)
 ParOldGen       total 251904K, used 196205K [0x00000000a0000000, 0x00000000af600000, 0x00000000e0000000)
  object space 251904K, 77% used [0x00000000a0000000,0x00000000abf9b728,0x00000000af600000)
 Metaspace       used 155345K, capacity 163742K, committed 163840K, reserved 1191936K
  class space    used 19251K, capacity 20961K, committed 20992K, reserved 1048576K
}
Event: 14995.310 GC heap before
{Heap before GC invocations=63 (full 5):
 PSYoungGen      total 429056K, used 357563K [0x00000000e0000000, 0x00000000ff900000, 0x0000000100000000)
  eden space 338944K, 100% used [0x00000000e0000000,0x00000000f4b00000,0x00000000f4b00000)
  from space 90112K, 20% used [0x00000000f4b00000,0x00000000f5d2ecc0,0x00000000fa300000)
  to   space 86528K, 0% used [0x00000000fa480000,0x00000000fa480000,0x00000000ff900000)
 ParOldGen       total 251904K, used 196205K [0x00000000a0000000, 0x00000000af600000, 0x00000000e0000000)
  object space 251904K, 77% used [0x00000000a0000000,0x00000000abf9b728,0x00000000af600000)
 Metaspace       used 155346K, capacity 163742K, committed 163840K, reserved 1191936K
  class space    used 19251K, capacity 20961K, committed 20992K, reserved 1048576K
Event: 14995.386 GC heap after
Heap after GC invocations=63 (full 5):
 PSYoungGen      total 426496K, used 57238K [0x00000000e0000000, 0x0000000100000000, 0x0000000100000000)
  eden space 339968K, 0% used [0x00000000e0000000,0x00000000e0000000,0x00000000f4c00000)
  from space 86528K, 66% used [0x00000000fa480000,0x00000000fdc65a98,0x00000000ff900000)
  to   space 90624K, 0% used [0x00000000f4c00000,0x00000000f4c00000,0x00000000fa480000)
 ParOldGen       total 251904K, used 196205K [0x00000000a0000000, 0x00000000af600000, 0x00000000e0000000)
  object space 251904K, 77% used [0x00000000a0000000,0x00000000abf9b728,0x00000000af600000)
 Metaspace       used 155346K, capacity 163742K, committed 163840K, reserved 1191936K
  class space    used 19251K, capacity 20961K, committed 20992K, reserved 1048576K
}
Event: 15024.265 GC heap before
{Heap before GC invocations=64 (full 5):
 PSYoungGen      total 426496K, used 397206K [0x00000000e0000000, 0x0000000100000000, 0x0000000100000000)
  eden space 339968K, 100% used [0x00000000e0000000,0x00000000f4c00000,0x00000000f4c00000)
  from space 86528K, 66% used [0x00000000fa480000,0x00000000fdc65a98,0x00000000ff900000)
  to   space 90624K, 0% used [0x00000000f4c00000,0x00000000f4c00000,0x00000000fa480000)
 ParOldGen       total 251904K, used 196205K [0x00000000a0000000, 0x00000000af600000, 0x00000000e0000000)
  object space 251904K, 77% used [0x00000000a0000000,0x00000000abf9b728,0x00000000af600000)
 Metaspace       used 155431K, capacity 163826K, committed 164096K, reserved 1191936K
  class space    used 19259K, capacity 20975K, committed 20992K, reserved 1048576K
Event: 15024.292 GC heap after
Heap after GC invocations=64 (full 5):
 PSYoungGen      total 430592K, used 13051K [0x00000000e0000000, 0x0000000100000000, 0x0000000100000000)
  eden space 339968K, 0% used [0x00000000e0000000,0x00000000e0000000,0x00000000f4c00000)
  from space 90624K, 14% used [0x00000000f4c00000,0x00000000f58beca0,0x00000000fa480000)
  to   space 88576K, 0% used [0x00000000fa980000,0x00000000fa980000,0x0000000100000000)
 ParOldGen       total 251904K, used 196980K [0x00000000a0000000, 0x00000000af600000, 0x00000000e0000000)
  object space 251904K, 78% used [0x00000000a0000000,0x00000000ac05d298,0x00000000af600000)
 Metaspace       used 155431K, capacity 163826K, committed 164096K, reserved 1191936K
  class space    used 19259K, capacity 20975K, committed 20992K, reserved 1048576K
}

